<?xml version="1.0" encoding="UTF-8"?>
<robot generator="Robot 5.0 (Python 3.9.2 on win32)" generated="20220510 10:51:01.647" rpa="false" schemaversion="3">
<suite id="s1" name="Alert Test" source="C:\Users\Rahul Natarajan\PycharmProjects\selenium_learnning\test\alert_test.robot">
<test id="s1-t1" name="Test01" line="7">
<kw name="alert">
<kw name="Open Browser" library="SeleniumLibrary">
<arg>${home_page}</arg>
<arg>${browser}</arg>
<doc>Opens a new browser instance to the optional ``url``.</doc>
<msg timestamp="20220510 10:51:02.056" level="INFO">Opening browser 'Chrome' to base url 'https://demo.guru99.com/test/delete_customer.php'.</msg>
<status status="PASS" starttime="20220510 10:51:02.056" endtime="20220510 10:51:07.355"/>
</kw>
<kw name="Maximize Browser Window" library="SeleniumLibrary">
<doc>Maximizes current browser window.</doc>
<status status="PASS" starttime="20220510 10:51:07.356" endtime="20220510 10:51:07.494"/>
</kw>
<kw name="Input Text" library="SeleniumLibrary">
<arg>${customer_id}</arg>
<arg>${customer_id_txt}</arg>
<doc>Types the given ``text`` into the text field identified by ``locator``.</doc>
<msg timestamp="20220510 10:51:07.496" level="INFO">Typing text '12345' into text field '//input[@name='cusid']'.</msg>
<status status="PASS" starttime="20220510 10:51:07.495" endtime="20220510 10:51:07.648"/>
</kw>
<kw name="Alert Should Not Be Present" library="SeleniumLibrary">
<doc>Verifies that no alert is present.</doc>
<status status="PASS" starttime="20220510 10:51:07.648" endtime="20220510 10:51:12.743"/>
</kw>
<kw name="Click Element" library="SeleniumLibrary">
<arg>${submit}</arg>
<doc>Click the element identified by ``locator``.</doc>
<msg timestamp="20220510 10:51:12.744" level="INFO">Clicking element '//input[@name='submit']'.</msg>
<status status="PASS" starttime="20220510 10:51:12.743" endtime="20220510 10:51:12.859"/>
</kw>
<kw name="Alert Should Be Present" library="SeleniumLibrary">
<arg>action=ACCEPT</arg>
<doc>Verifies that an alert is present and by default, accepts it.</doc>
<msg timestamp="20220510 10:51:12.860" level="INFO">HANDLE::&lt;class 'NoneType'&gt;::None</msg>
<status status="PASS" starttime="20220510 10:51:12.859" endtime="20220510 10:51:12.872"/>
</kw>
<kw name="Handle Alert" library="SeleniumLibrary">
<arg>ACCEPT</arg>
<doc>Handles the current alert and returns its message.</doc>
<msg timestamp="20220510 10:51:12.874" level="INFO">HANDLE::&lt;class 'NoneType'&gt;::None</msg>
<status status="PASS" starttime="20220510 10:51:12.873" endtime="20220510 10:51:13.889"/>
</kw>
<status status="PASS" starttime="20220510 10:51:02.055" endtime="20220510 10:51:13.889"/>
</kw>
<status status="PASS" starttime="20220510 10:51:02.054" endtime="20220510 10:51:13.889"/>
</test>
<status status="PASS" starttime="20220510 10:51:01.650" endtime="20220510 10:51:13.891"/>
</suite>
<statistics>
<total>
<stat pass="1" fail="0" skip="0">All Tests</stat>
</total>
<tag>
</tag>
<suite>
<stat pass="1" fail="0" skip="0" id="s1" name="Alert Test">Alert Test</stat>
</suite>
</statistics>
<errors>
</errors>
</robot>
