<?xml version="1.0" encoding="UTF-8"?>
<robot generator="Robot 5.0 (Python 3.9.2 on win32)" generated="20220519 19:34:10.290" rpa="false" schemaversion="3">
<suite id="s1" name="Assignnametoelement" source="C:\Users\Rahul Natarajan\PycharmProjects\selenium_learnning\test\assignnametoelement.robot">
<test id="s1-t1" name="Testcases" line="7">
<kw name="AssignNameToElement">
<kw name="Open Browser" library="SeleniumLibrary">
<arg>${home_page}</arg>
<arg>${browser}</arg>
<doc>Opens a new browser instance to the optional ``url``.</doc>
<msg timestamp="20220519 19:34:11.120" level="INFO">Opening browser 'Chrome' to base url 'https://demo.guru99.com/test/delete_customer.php'.</msg>
<status status="PASS" starttime="20220519 19:34:11.120" endtime="20220519 19:34:21.499"/>
</kw>
<kw name="Assign Id To Element" library="SeleniumLibrary">
<arg>//a[normalize-space()='Agile Project']</arg>
<arg>agile</arg>
<doc>Assigns a temporary ``id`` to the element specified by ``locator``.</doc>
<msg timestamp="20220519 19:34:21.501" level="INFO">Assigning temporary id 'agile' to element '//a[normalize-space()='Agile Project']'.</msg>
<status status="PASS" starttime="20220519 19:34:21.500" endtime="20220519 19:34:21.542"/>
</kw>
<kw name="Click Element" library="SeleniumLibrary">
<arg>agile</arg>
<doc>Click the element identified by ``locator``.</doc>
<msg timestamp="20220519 19:34:21.544" level="INFO">Clicking element 'agile'.</msg>
<status status="PASS" starttime="20220519 19:34:21.543" endtime="20220519 19:34:21.962"/>
</kw>
<kw name="Close Browser" library="SeleniumLibrary">
<doc>Closes the current browser.</doc>
<status status="PASS" starttime="20220519 19:34:21.962" endtime="20220519 19:34:24.366"/>
</kw>
<status status="PASS" starttime="20220519 19:34:11.119" endtime="20220519 19:34:24.367"/>
</kw>
<status status="PASS" starttime="20220519 19:34:11.117" endtime="20220519 19:34:24.368"/>
</test>
<status status="PASS" starttime="20220519 19:34:10.294" endtime="20220519 19:34:24.372"/>
</suite>
<statistics>
<total>
<stat pass="1" fail="0" skip="0">All Tests</stat>
</total>
<tag>
</tag>
<suite>
<stat pass="1" fail="0" skip="0" id="s1" name="Assignnametoelement">Assignnametoelement</stat>
</suite>
</statistics>
<errors>
</errors>
</robot>
